23:13:50.447 [debug] Child {LoggerFileBackend, :general_log} of Supervisor Logger.Backends.Supervisor started
Pid: #PID<0.114.0>
Start Call: Logger.Backends.Watcher.start_link({{LoggerFileBackend, :general_log}, {LoggerFileBackend, :general_log}})
Restart: :transient
Shutdown: 5000
Type: :worker
23:13:50.447 [info] Child Logger.Backends.Supervisor of Supervisor Logger.Backends.Internal started
Pid: #PID<0.113.0>
Start Call: Logger.Backends.Supervisor.start_link([{LoggerFileBackend, :general_log}])
Restart: :permanent
Shutdown: :infinity
Type: :supervisor
23:13:50.447 [info] Child Logger.Backends.Internal of Supervisor Logger.Supervisor started
Pid: #PID<0.109.0>
Start Call: Logger.Backends.Internal.start_link([])
Restart: :permanent
Shutdown: :infinity
Type: :supervisor
23:13:50.447 [info] Application logger started at :nonode@nohost
23:14:04.407 [error] FATAL: Lexical is not compatible with Erlang/OTP 28.0.0

Lexical is compatible with the following versions of Erlang/OTP:

  >= 24.3.4
  >= 25.0.0
  >= 26.0.2
  >= 27.0.0

